<?xml version="1.0" encoding="UTF-8"?>
<testsuite xmlns:xsi="http://www.w3.org/2001/XMLSchema-instance" xsi:noNamespaceSchemaLocation="https://maven.apache.org/surefire/maven-surefire-plugin/xsd/surefire-test-report-3.0.xsd" version="3.0" name="library.controllerTest.StatusReportTest" time="0.034" tests="5" errors="0" skipped="0" failures="0">
  <properties>
    <property name="java.specification.version" value="21"/>
    <property name="sun.cpu.isalist" value="amd64"/>
    <property name="sun.jnu.encoding" value="Cp1252"/>
    <property name="java.class.path" value="C:\Users\KingsleyBotchway\Desktop\libraryMangement\management\target\test-classes;C:\Users\KingsleyBotchway\Desktop\libraryMangement\management\target\classes;C:\Users\KingsleyBotchway\.m2\repository\mysql\mysql-connector-java\8.0.27\mysql-connector-java-8.0.27.jar;C:\Users\KingsleyBotchway\.m2\repository\com\google\protobuf\protobuf-java\3.11.4\protobuf-java-3.11.4.jar;C:\Users\KingsleyBotchway\.m2\repository\org\openjfx\javafx-controls\13\javafx-controls-13.jar;C:\Users\KingsleyBotchway\.m2\repository\org\openjfx\javafx-controls\13\javafx-controls-13-win.jar;C:\Users\KingsleyBotchway\.m2\repository\org\openjfx\javafx-graphics\13\javafx-graphics-13.jar;C:\Users\KingsleyBotchway\.m2\repository\org\openjfx\javafx-graphics\13\javafx-graphics-13-win.jar;C:\Users\KingsleyBotchway\.m2\repository\org\openjfx\javafx-base\13\javafx-base-13.jar;C:\Users\KingsleyBotchway\.m2\repository\org\openjfx\javafx-base\13\javafx-base-13-win.jar;C:\Users\KingsleyBotchway\.m2\repository\org\mockito\mockito-core\5.14.2\mockito-core-5.14.2.jar;C:\Users\KingsleyBotchway\.m2\repository\net\bytebuddy\byte-buddy\1.15.4\byte-buddy-1.15.4.jar;C:\Users\KingsleyBotchway\.m2\repository\net\bytebuddy\byte-buddy-agent\1.15.4\byte-buddy-agent-1.15.4.jar;C:\Users\KingsleyBotchway\.m2\repository\org\objenesis\objenesis\3.3\objenesis-3.3.jar;C:\Users\KingsleyBotchway\.m2\repository\org\mockito\mockito-junit-jupiter\4.6.1\mockito-junit-jupiter-4.6.1.jar;C:\Users\KingsleyBotchway\.m2\repository\org\junit\jupiter\junit-jupiter-api\5.8.2\junit-jupiter-api-5.8.2.jar;C:\Users\KingsleyBotchway\.m2\repository\org\opentest4j\opentest4j\1.2.0\opentest4j-1.2.0.jar;C:\Users\KingsleyBotchway\.m2\repository\org\junit\platform\junit-platform-commons\1.8.2\junit-platform-commons-1.8.2.jar;C:\Users\KingsleyBotchway\.m2\repository\org\apiguardian\apiguardian-api\1.1.2\apiguardian-api-1.1.2.jar;C:\Users\KingsleyBotchway\.m2\repository\org\junit\jupiter\junit-jupiter-engine\5.8.2\junit-jupiter-engine-5.8.2.jar;C:\Users\KingsleyBotchway\.m2\repository\org\junit\platform\junit-platform-engine\1.8.2\junit-platform-engine-1.8.2.jar;C:\Users\KingsleyBotchway\.m2\repository\org\junit\jupiter\junit-jupiter-params\5.8.2\junit-jupiter-params-5.8.2.jar;C:\Users\KingsleyBotchway\.m2\repository\org\junit\vintage\junit-vintage-engine\5.8.2\junit-vintage-engine-5.8.2.jar;C:\Users\KingsleyBotchway\.m2\repository\junit\junit\4.13.2\junit-4.13.2.jar;C:\Users\KingsleyBotchway\.m2\repository\org\hamcrest\hamcrest-core\1.3\hamcrest-core-1.3.jar;C:\Users\KingsleyBotchway\.m2\repository\org\openjfx\javafx-fxml\13\javafx-fxml-13.jar;C:\Users\KingsleyBotchway\.m2\repository\org\openjfx\javafx-fxml\13\javafx-fxml-13-win.jar;"/>
    <property name="java.vm.vendor" value="Oracle Corporation"/>
    <property name="sun.arch.data.model" value="64"/>
    <property name="user.variant" value=""/>
    <property name="java.vendor.url" value="https://java.oracle.com/"/>
    <property name="user.timezone" value="Europe/Berlin"/>
    <property name="user.country.format" value="GH"/>
    <property name="os.name" value="Windows 10"/>
    <property name="java.vm.specification.version" value="21"/>
    <property name="sun.java.launcher" value="SUN_STANDARD"/>
    <property name="user.country" value="GB"/>
    <property name="sun.boot.library.path" value="C:\Program Files\Java\jdk-21\bin"/>
    <property name="sun.java.command" value="C:\Users\KingsleyBotchway\AppData\Local\Temp\surefire14556304352363095192\surefirebooter1789093286930640053.jar C:\Users\KingsleyBotchway\AppData\Local\Temp\surefire14556304352363095192 2024-12-20T12-06-21_907-jvmRun1 surefire16718468743573088341tmp surefire_014561445412001716108tmp"/>
    <property name="jdk.debug" value="release"/>
    <property name="surefire.test.class.path" value="C:\Users\KingsleyBotchway\Desktop\libraryMangement\management\target\test-classes;C:\Users\KingsleyBotchway\Desktop\libraryMangement\management\target\classes;C:\Users\KingsleyBotchway\.m2\repository\mysql\mysql-connector-java\8.0.27\mysql-connector-java-8.0.27.jar;C:\Users\KingsleyBotchway\.m2\repository\com\google\protobuf\protobuf-java\3.11.4\protobuf-java-3.11.4.jar;C:\Users\KingsleyBotchway\.m2\repository\org\openjfx\javafx-controls\13\javafx-controls-13.jar;C:\Users\KingsleyBotchway\.m2\repository\org\openjfx\javafx-controls\13\javafx-controls-13-win.jar;C:\Users\KingsleyBotchway\.m2\repository\org\openjfx\javafx-graphics\13\javafx-graphics-13.jar;C:\Users\KingsleyBotchway\.m2\repository\org\openjfx\javafx-graphics\13\javafx-graphics-13-win.jar;C:\Users\KingsleyBotchway\.m2\repository\org\openjfx\javafx-base\13\javafx-base-13.jar;C:\Users\KingsleyBotchway\.m2\repository\org\openjfx\javafx-base\13\javafx-base-13-win.jar;C:\Users\KingsleyBotchway\.m2\repository\org\mockito\mockito-core\5.14.2\mockito-core-5.14.2.jar;C:\Users\KingsleyBotchway\.m2\repository\net\bytebuddy\byte-buddy\1.15.4\byte-buddy-1.15.4.jar;C:\Users\KingsleyBotchway\.m2\repository\net\bytebuddy\byte-buddy-agent\1.15.4\byte-buddy-agent-1.15.4.jar;C:\Users\KingsleyBotchway\.m2\repository\org\objenesis\objenesis\3.3\objenesis-3.3.jar;C:\Users\KingsleyBotchway\.m2\repository\org\mockito\mockito-junit-jupiter\4.6.1\mockito-junit-jupiter-4.6.1.jar;C:\Users\KingsleyBotchway\.m2\repository\org\junit\jupiter\junit-jupiter-api\5.8.2\junit-jupiter-api-5.8.2.jar;C:\Users\KingsleyBotchway\.m2\repository\org\opentest4j\opentest4j\1.2.0\opentest4j-1.2.0.jar;C:\Users\KingsleyBotchway\.m2\repository\org\junit\platform\junit-platform-commons\1.8.2\junit-platform-commons-1.8.2.jar;C:\Users\KingsleyBotchway\.m2\repository\org\apiguardian\apiguardian-api\1.1.2\apiguardian-api-1.1.2.jar;C:\Users\KingsleyBotchway\.m2\repository\org\junit\jupiter\junit-jupiter-engine\5.8.2\junit-jupiter-engine-5.8.2.jar;C:\Users\KingsleyBotchway\.m2\repository\org\junit\platform\junit-platform-engine\1.8.2\junit-platform-engine-1.8.2.jar;C:\Users\KingsleyBotchway\.m2\repository\org\junit\jupiter\junit-jupiter-params\5.8.2\junit-jupiter-params-5.8.2.jar;C:\Users\KingsleyBotchway\.m2\repository\org\junit\vintage\junit-vintage-engine\5.8.2\junit-vintage-engine-5.8.2.jar;C:\Users\KingsleyBotchway\.m2\repository\junit\junit\4.13.2\junit-4.13.2.jar;C:\Users\KingsleyBotchway\.m2\repository\org\hamcrest\hamcrest-core\1.3\hamcrest-core-1.3.jar;C:\Users\KingsleyBotchway\.m2\repository\org\openjfx\javafx-fxml\13\javafx-fxml-13.jar;C:\Users\KingsleyBotchway\.m2\repository\org\openjfx\javafx-fxml\13\javafx-fxml-13-win.jar;"/>
    <property name="sun.cpu.endian" value="little"/>
    <property name="user.home" value="C:\Users\KingsleyBotchway"/>
    <property name="user.language" value="en"/>
    <property name="java.specification.vendor" value="Oracle Corporation"/>
    <property name="java.version.date" value="2024-10-15"/>
    <property name="java.home" value="C:\Program Files\Java\jdk-21"/>
    <property name="file.separator" value="\"/>
    <property name="basedir" value="C:\Users\KingsleyBotchway\Desktop\libraryMangement\management"/>
    <property name="java.vm.compressedOopsMode" value="Zero based"/>
    <property name="line.separator" value="&#10;"/>
    <property name="java.vm.specification.vendor" value="Oracle Corporation"/>
    <property name="java.specification.name" value="Java Platform API Specification"/>
    <property name="surefire.real.class.path" value="C:\Users\KingsleyBotchway\AppData\Local\Temp\surefire14556304352363095192\surefirebooter1789093286930640053.jar"/>
    <property name="user.script" value=""/>
    <property name="sun.management.compiler" value="HotSpot 64-Bit Tiered Compilers"/>
    <property name="java.runtime.version" value="21.0.5+9-LTS-239"/>
    <property name="user.name" value="KingsleyBotchway"/>
    <property name="stdout.encoding" value="Cp1252"/>
    <property name="path.separator" value=";"/>
    <property name="os.version" value="10.0"/>
    <property name="java.runtime.name" value="Java(TM) SE Runtime Environment"/>
    <property name="file.encoding" value="UTF-8"/>
    <property name="java.vm.name" value="Java HotSpot(TM) 64-Bit Server VM"/>
    <property name="localRepository" value="C:\Users\KingsleyBotchway\.m2\repository"/>
    <property name="java.vendor.url.bug" value="https://bugreport.java.com/bugreport/"/>
    <property name="java.io.tmpdir" value="C:\Users\KINGSL~1\AppData\Local\Temp\"/>
    <property name="java.version" value="21.0.5"/>
    <property name="user.dir" value="C:\Users\KingsleyBotchway\Desktop\libraryMangement\management"/>
    <property name="os.arch" value="amd64"/>
    <property name="java.vm.specification.name" value="Java Virtual Machine Specification"/>
    <property name="sun.os.patch.level" value=""/>
    <property name="native.encoding" value="Cp1252"/>
    <property name="java.library.path" value="C:\Program Files\Java\jdk-21\bin;C:\windows\Sun\Java\bin;C:\windows\system32;C:\windows;C:\Program Files\Common Files\Oracle\Java\javapath;C:\Program Files (x86)\Common Files\Oracle\Java\java8path;C:\Program Files (x86)\Common Files\Oracle\Java\javapath;C:\windows\system32;C:\windows;C:\windows\System32\Wbem;C:\windows\System32\WindowsPowerShell\v1.0\;C:\windows\System32\OpenSSH\;C:\Program Files\Git\cmd;C:\Program Files\HP\HP One Agent;C:\Program Files\MySQL\MySQL Shell 8.0\bin\;C:\Users\KingsleyBotchway\AppData\Local\Microsoft\WindowsApps;C:\Users\KingsleyBotchway\AppData\Local\JetBrains\Toolbox\scripts;C:\Users\KingsleyBotchway\AppData\Local\Programs\Microsoft VS Code\bin;C:\Program Files\apache-maven-3.9.9\bin;C:\Program Files\MySQL\MySQL Server 8.0\bin;;."/>
    <property name="java.vm.info" value="mixed mode, sharing"/>
    <property name="stderr.encoding" value="Cp1252"/>
    <property name="java.vendor" value="Oracle Corporation"/>
    <property name="java.vm.version" value="21.0.5+9-LTS-239"/>
    <property name="sun.io.unicode.encoding" value="UnicodeLittle"/>
    <property name="java.class.version" value="65.0"/>
  </properties>
  <testcase name="testConstructorWithPartialParameters" classname="library.controllerTest.StatusReportTest" time="0.004"/>
  <testcase name="testConstructorWithFullParameters" classname="library.controllerTest.StatusReportTest" time="0.001"/>
  <testcase name="testGetOperationEntity" classname="library.controllerTest.StatusReportTest" time="0.001"/>
  <testcase name="testGetOperationStatus" classname="library.controllerTest.StatusReportTest" time="0.017"/>
  <testcase name="testGetMessage" classname="library.controllerTest.StatusReportTest" time="0.001"/>
</testsuite>