<?xml version="1.0" encoding="UTF-8"?>
<testsuite xmlns:xsi="http://www.w3.org/2001/XMLSchema-instance" xsi:noNamespaceSchemaLocation="https://maven.apache.org/surefire/maven-surefire-plugin/xsd/surefire-test-report-3.0.xsd" version="3.0" name="library.modelsTest.BorrowingTransactionTest" time="1.366" tests="13" errors="0" skipped="0" failures="0">
  <properties>
    <property name="java.specification.version" value="21"/>
    <property name="sun.cpu.isalist" value="amd64"/>
    <property name="sun.jnu.encoding" value="Cp1252"/>
    <property name="java.class.path" value="C:\Users\KingsleyBotchway\Desktop\libraryMangement\management\target\test-classes;C:\Users\KingsleyBotchway\Desktop\libraryMangement\management\target\classes;C:\Users\KingsleyBotchway\.m2\repository\mysql\mysql-connector-java\8.0.27\mysql-connector-java-8.0.27.jar;C:\Users\KingsleyBotchway\.m2\repository\com\google\protobuf\protobuf-java\3.11.4\protobuf-java-3.11.4.jar;C:\Users\KingsleyBotchway\.m2\repository\org\openjfx\javafx-controls\13\javafx-controls-13.jar;C:\Users\KingsleyBotchway\.m2\repository\org\openjfx\javafx-controls\13\javafx-controls-13-win.jar;C:\Users\KingsleyBotchway\.m2\repository\org\openjfx\javafx-graphics\13\javafx-graphics-13.jar;C:\Users\KingsleyBotchway\.m2\repository\org\openjfx\javafx-graphics\13\javafx-graphics-13-win.jar;C:\Users\KingsleyBotchway\.m2\repository\org\openjfx\javafx-base\13\javafx-base-13.jar;C:\Users\KingsleyBotchway\.m2\repository\org\openjfx\javafx-base\13\javafx-base-13-win.jar;C:\Users\KingsleyBotchway\.m2\repository\org\mockito\mockito-core\5.14.2\mockito-core-5.14.2.jar;C:\Users\KingsleyBotchway\.m2\repository\net\bytebuddy\byte-buddy\1.15.4\byte-buddy-1.15.4.jar;C:\Users\KingsleyBotchway\.m2\repository\net\bytebuddy\byte-buddy-agent\1.15.4\byte-buddy-agent-1.15.4.jar;C:\Users\KingsleyBotchway\.m2\repository\org\objenesis\objenesis\3.3\objenesis-3.3.jar;C:\Users\KingsleyBotchway\.m2\repository\org\mockito\mockito-junit-jupiter\4.6.1\mockito-junit-jupiter-4.6.1.jar;C:\Users\KingsleyBotchway\.m2\repository\org\junit\jupiter\junit-jupiter-api\5.8.2\junit-jupiter-api-5.8.2.jar;C:\Users\KingsleyBotchway\.m2\repository\org\opentest4j\opentest4j\1.2.0\opentest4j-1.2.0.jar;C:\Users\KingsleyBotchway\.m2\repository\org\junit\platform\junit-platform-commons\1.8.2\junit-platform-commons-1.8.2.jar;C:\Users\KingsleyBotchway\.m2\repository\org\apiguardian\apiguardian-api\1.1.2\apiguardian-api-1.1.2.jar;C:\Users\KingsleyBotchway\.m2\repository\org\junit\jupiter\junit-jupiter-engine\5.8.2\junit-jupiter-engine-5.8.2.jar;C:\Users\KingsleyBotchway\.m2\repository\org\junit\platform\junit-platform-engine\1.8.2\junit-platform-engine-1.8.2.jar;C:\Users\KingsleyBotchway\.m2\repository\org\junit\jupiter\junit-jupiter-params\5.8.2\junit-jupiter-params-5.8.2.jar;C:\Users\KingsleyBotchway\.m2\repository\org\junit\vintage\junit-vintage-engine\5.8.2\junit-vintage-engine-5.8.2.jar;C:\Users\KingsleyBotchway\.m2\repository\junit\junit\4.13.2\junit-4.13.2.jar;C:\Users\KingsleyBotchway\.m2\repository\org\hamcrest\hamcrest-core\1.3\hamcrest-core-1.3.jar;C:\Users\KingsleyBotchway\.m2\repository\org\openjfx\javafx-fxml\13\javafx-fxml-13.jar;C:\Users\KingsleyBotchway\.m2\repository\org\openjfx\javafx-fxml\13\javafx-fxml-13-win.jar;"/>
    <property name="java.vm.vendor" value="Oracle Corporation"/>
    <property name="sun.arch.data.model" value="64"/>
    <property name="user.variant" value=""/>
    <property name="java.vendor.url" value="https://java.oracle.com/"/>
    <property name="user.timezone" value="Europe/Berlin"/>
    <property name="user.country.format" value="GH"/>
    <property name="os.name" value="Windows 10"/>
    <property name="java.vm.specification.version" value="21"/>
    <property name="sun.java.launcher" value="SUN_STANDARD"/>
    <property name="user.country" value="GB"/>
    <property name="sun.boot.library.path" value="C:\Program Files\Java\jdk-21\bin"/>
    <property name="sun.java.command" value="C:\Users\KingsleyBotchway\AppData\Local\Temp\surefire5462048738206628031\surefirebooter12833207684735405954.jar C:\Users\KingsleyBotchway\AppData\Local\Temp\surefire5462048738206628031 2024-12-19T16-03-58_747-jvmRun1 surefire17048583585396573132tmp surefire_015517221813725248909tmp"/>
    <property name="jdk.debug" value="release"/>
    <property name="surefire.test.class.path" value="C:\Users\KingsleyBotchway\Desktop\libraryMangement\management\target\test-classes;C:\Users\KingsleyBotchway\Desktop\libraryMangement\management\target\classes;C:\Users\KingsleyBotchway\.m2\repository\mysql\mysql-connector-java\8.0.27\mysql-connector-java-8.0.27.jar;C:\Users\KingsleyBotchway\.m2\repository\com\google\protobuf\protobuf-java\3.11.4\protobuf-java-3.11.4.jar;C:\Users\KingsleyBotchway\.m2\repository\org\openjfx\javafx-controls\13\javafx-controls-13.jar;C:\Users\KingsleyBotchway\.m2\repository\org\openjfx\javafx-controls\13\javafx-controls-13-win.jar;C:\Users\KingsleyBotchway\.m2\repository\org\openjfx\javafx-graphics\13\javafx-graphics-13.jar;C:\Users\KingsleyBotchway\.m2\repository\org\openjfx\javafx-graphics\13\javafx-graphics-13-win.jar;C:\Users\KingsleyBotchway\.m2\repository\org\openjfx\javafx-base\13\javafx-base-13.jar;C:\Users\KingsleyBotchway\.m2\repository\org\openjfx\javafx-base\13\javafx-base-13-win.jar;C:\Users\KingsleyBotchway\.m2\repository\org\mockito\mockito-core\5.14.2\mockito-core-5.14.2.jar;C:\Users\KingsleyBotchway\.m2\repository\net\bytebuddy\byte-buddy\1.15.4\byte-buddy-1.15.4.jar;C:\Users\KingsleyBotchway\.m2\repository\net\bytebuddy\byte-buddy-agent\1.15.4\byte-buddy-agent-1.15.4.jar;C:\Users\KingsleyBotchway\.m2\repository\org\objenesis\objenesis\3.3\objenesis-3.3.jar;C:\Users\KingsleyBotchway\.m2\repository\org\mockito\mockito-junit-jupiter\4.6.1\mockito-junit-jupiter-4.6.1.jar;C:\Users\KingsleyBotchway\.m2\repository\org\junit\jupiter\junit-jupiter-api\5.8.2\junit-jupiter-api-5.8.2.jar;C:\Users\KingsleyBotchway\.m2\repository\org\opentest4j\opentest4j\1.2.0\opentest4j-1.2.0.jar;C:\Users\KingsleyBotchway\.m2\repository\org\junit\platform\junit-platform-commons\1.8.2\junit-platform-commons-1.8.2.jar;C:\Users\KingsleyBotchway\.m2\repository\org\apiguardian\apiguardian-api\1.1.2\apiguardian-api-1.1.2.jar;C:\Users\KingsleyBotchway\.m2\repository\org\junit\jupiter\junit-jupiter-engine\5.8.2\junit-jupiter-engine-5.8.2.jar;C:\Users\KingsleyBotchway\.m2\repository\org\junit\platform\junit-platform-engine\1.8.2\junit-platform-engine-1.8.2.jar;C:\Users\KingsleyBotchway\.m2\repository\org\junit\jupiter\junit-jupiter-params\5.8.2\junit-jupiter-params-5.8.2.jar;C:\Users\KingsleyBotchway\.m2\repository\org\junit\vintage\junit-vintage-engine\5.8.2\junit-vintage-engine-5.8.2.jar;C:\Users\KingsleyBotchway\.m2\repository\junit\junit\4.13.2\junit-4.13.2.jar;C:\Users\KingsleyBotchway\.m2\repository\org\hamcrest\hamcrest-core\1.3\hamcrest-core-1.3.jar;C:\Users\KingsleyBotchway\.m2\repository\org\openjfx\javafx-fxml\13\javafx-fxml-13.jar;C:\Users\KingsleyBotchway\.m2\repository\org\openjfx\javafx-fxml\13\javafx-fxml-13-win.jar;"/>
    <property name="sun.cpu.endian" value="little"/>
    <property name="user.home" value="C:\Users\KingsleyBotchway"/>
    <property name="user.language" value="en"/>
    <property name="java.specification.vendor" value="Oracle Corporation"/>
    <property name="java.version.date" value="2024-10-15"/>
    <property name="java.home" value="C:\Program Files\Java\jdk-21"/>
    <property name="file.separator" value="\"/>
    <property name="basedir" value="C:\Users\KingsleyBotchway\Desktop\libraryMangement\management"/>
    <property name="java.vm.compressedOopsMode" value="Zero based"/>
    <property name="line.separator" value="&#10;"/>
    <property name="java.vm.specification.vendor" value="Oracle Corporation"/>
    <property name="java.specification.name" value="Java Platform API Specification"/>
    <property name="surefire.real.class.path" value="C:\Users\KingsleyBotchway\AppData\Local\Temp\surefire5462048738206628031\surefirebooter12833207684735405954.jar"/>
    <property name="user.script" value=""/>
    <property name="sun.management.compiler" value="HotSpot 64-Bit Tiered Compilers"/>
    <property name="java.runtime.version" value="21.0.5+9-LTS-239"/>
    <property name="user.name" value="KingsleyBotchway"/>
    <property name="stdout.encoding" value="Cp1252"/>
    <property name="path.separator" value=";"/>
    <property name="os.version" value="10.0"/>
    <property name="java.runtime.name" value="Java(TM) SE Runtime Environment"/>
    <property name="file.encoding" value="UTF-8"/>
    <property name="java.vm.name" value="Java HotSpot(TM) 64-Bit Server VM"/>
    <property name="localRepository" value="C:\Users\KingsleyBotchway\.m2\repository"/>
    <property name="java.vendor.url.bug" value="https://bugreport.java.com/bugreport/"/>
    <property name="java.io.tmpdir" value="C:\Users\KINGSL~1\AppData\Local\Temp\"/>
    <property name="java.version" value="21.0.5"/>
    <property name="user.dir" value="C:\Users\KingsleyBotchway\Desktop\libraryMangement\management"/>
    <property name="os.arch" value="amd64"/>
    <property name="java.vm.specification.name" value="Java Virtual Machine Specification"/>
    <property name="sun.os.patch.level" value=""/>
    <property name="native.encoding" value="Cp1252"/>
    <property name="java.library.path" value="C:\Program Files\Java\jdk-21\bin;C:\windows\Sun\Java\bin;C:\windows\system32;C:\windows;C:\Program Files\Common Files\Oracle\Java\javapath;C:\Program Files (x86)\Common Files\Oracle\Java\java8path;C:\Program Files (x86)\Common Files\Oracle\Java\javapath;C:\windows\system32;C:\windows;C:\windows\System32\Wbem;C:\windows\System32\WindowsPowerShell\v1.0\;C:\windows\System32\OpenSSH\;C:\Program Files\Git\cmd;C:\Program Files\HP\HP One Agent;C:\Program Files\MySQL\MySQL Shell 8.0\bin\;C:\Users\KingsleyBotchway\AppData\Local\Microsoft\WindowsApps;C:\Users\KingsleyBotchway\AppData\Local\JetBrains\Toolbox\scripts;C:\Users\KingsleyBotchway\AppData\Local\Programs\Microsoft VS Code\bin;C:\Program Files\apache-maven-3.9.9\bin;C:\Program Files\MySQL\MySQL Server 8.0\bin;;."/>
    <property name="java.vm.info" value="mixed mode, sharing"/>
    <property name="stderr.encoding" value="Cp1252"/>
    <property name="java.vendor" value="Oracle Corporation"/>
    <property name="java.vm.version" value="21.0.5+9-LTS-239"/>
    <property name="sun.io.unicode.encoding" value="UnicodeLittle"/>
    <property name="java.class.version" value="65.0"/>
  </properties>
  <testcase name="getIdEmpty" classname="library.modelsTest.BorrowingTransactionTest" time="0.057">
    <system-out><![CDATA[<<<<<<<<<<<<<<<<<<<<<<<<<<<<<<<
false
]]></system-out>
  </testcase>
  <testcase name="getIdExist" classname="library.modelsTest.BorrowingTransactionTest" time="0.046">
    <system-out><![CDATA[<<<<<<<<<<<<<<<<<<<<<<<<<<<<<<<
true
]]></system-out>
  </testcase>
  <testcase name="gettersSetters" classname="library.modelsTest.BorrowingTransactionTest" time="0.032">
    <system-out><![CDATA[<<<<<<<<<<<<<<<<<<<<<<<<<<<<<<<
true
]]></system-out>
  </testcase>
  <testcase name="testInsertIntoDatabase" classname="library.modelsTest.BorrowingTransactionTest" time="0.035">
    <system-out><![CDATA[<<<<<<<<<<<<<<<<<<<<<<<<<<<<<<<
true
]]></system-out>
  </testcase>
  <testcase name="getUserTransactions" classname="library.modelsTest.BorrowingTransactionTest" time="0.016"/>
  <testcase name="getResourceEmpty" classname="library.modelsTest.BorrowingTransactionTest" time="0.046">
    <system-out><![CDATA[<<<<<<<<<<<<<<<<<<<<<<<<<<<<<<<
true
]]></system-out>
  </testcase>
  <testcase name="getUserExist" classname="library.modelsTest.BorrowingTransactionTest" time="0.049">
    <system-out><![CDATA[<<<<<<<<<<<<<<<<<<<<<<<<<<<<<<<
true
]]></system-out>
  </testcase>
  <testcase name="checkUpdate" classname="library.modelsTest.BorrowingTransactionTest" time="0.074">
    <system-out><![CDATA[<<<<<<<<<<<<<<<<<<<<<<<<<<<<<<<
true
<<<<<<<<<<<<<<<<<<<<<<<<<<<<<<<
true
]]></system-out>
  </testcase>
  <testcase name="getAllTransactions" classname="library.modelsTest.BorrowingTransactionTest" time="0.036">
    <system-out><![CDATA[<<<<<<<<<<<<<<<<<<<<<<<<<<<<<<<
true
]]></system-out>
  </testcase>
  <testcase name="checkAllOverdue" classname="library.modelsTest.BorrowingTransactionTest" time="0.038">
    <system-out><![CDATA[<<<<<<<<<<<<<<<<<<<<<<<<<<<<<<<
true
]]></system-out>
  </testcase>
  <testcase name="mockException" classname="library.modelsTest.BorrowingTransactionTest" time="0.628">
    <system-err><![CDATA[java.sql.SQLException: database error
	at library.model.LibraryTransactions.BorrowTransaction.getResource(BorrowTransaction.java:200)
	at library.modelsTest.BorrowingTransactionTest.mockException(BorrowedModelTransaction.java:194)
	at java.base/jdk.internal.reflect.DirectMethodHandleAccessor.invoke(DirectMethodHandleAccessor.java:103)
	at java.base/java.lang.reflect.Method.invoke(Method.java:580)
	at org.junit.platform.commons.util.ReflectionUtils.invokeMethod(ReflectionUtils.java:725)
	at org.junit.jupiter.engine.execution.MethodInvocation.proceed(MethodInvocation.java:60)
	at org.junit.jupiter.engine.execution.InvocationInterceptorChain$ValidatingInvocation.proceed(InvocationInterceptorChain.java:131)
	at org.junit.jupiter.engine.extension.TimeoutExtension.intercept(TimeoutExtension.java:149)
	at org.junit.jupiter.engine.extension.TimeoutExtension.interceptTestableMethod(TimeoutExtension.java:140)
	at org.junit.jupiter.engine.extension.TimeoutExtension.interceptTestMethod(TimeoutExtension.java:84)
	at org.junit.jupiter.engine.execution.ExecutableInvoker$ReflectiveInterceptorCall.lambda$ofVoidMethod$0(ExecutableInvoker.java:115)
	at org.junit.jupiter.engine.execution.ExecutableInvoker.lambda$invoke$0(ExecutableInvoker.java:105)
	at org.junit.jupiter.engine.execution.InvocationInterceptorChain$InterceptedInvocation.proceed(InvocationInterceptorChain.java:106)
	at org.junit.jupiter.engine.execution.InvocationInterceptorChain.proceed(InvocationInterceptorChain.java:64)
	at org.junit.jupiter.engine.execution.InvocationInterceptorChain.chainAndInvoke(InvocationInterceptorChain.java:45)
	at org.junit.jupiter.engine.execution.InvocationInterceptorChain.invoke(InvocationInterceptorChain.java:37)
	at org.junit.jupiter.engine.execution.ExecutableInvoker.invoke(ExecutableInvoker.java:104)
	at org.junit.jupiter.engine.execution.ExecutableInvoker.invoke(ExecutableInvoker.java:98)
	at org.junit.jupiter.engine.descriptor.TestMethodTestDescriptor.lambda$invokeTestMethod$7(TestMethodTestDescriptor.java:214)
	at org.junit.platform.engine.support.hierarchical.ThrowableCollector.execute(ThrowableCollector.java:73)
	at org.junit.jupiter.engine.descriptor.TestMethodTestDescriptor.invokeTestMethod(TestMethodTestDescriptor.java:210)
	at org.junit.jupiter.engine.descriptor.TestMethodTestDescriptor.execute(TestMethodTestDescriptor.java:135)
	at org.junit.jupiter.engine.descriptor.TestMethodTestDescriptor.execute(TestMethodTestDescriptor.java:66)
	at org.junit.platform.engine.support.hierarchical.NodeTestTask.lambda$executeRecursively$6(NodeTestTask.java:151)
	at org.junit.platform.engine.support.hierarchical.ThrowableCollector.execute(ThrowableCollector.java:73)
	at org.junit.platform.engine.support.hierarchical.NodeTestTask.lambda$executeRecursively$8(NodeTestTask.java:141)
	at org.junit.platform.engine.support.hierarchical.Node.around(Node.java:137)
	at org.junit.platform.engine.support.hierarchical.NodeTestTask.lambda$executeRecursively$9(NodeTestTask.java:139)
	at org.junit.platform.engine.support.hierarchical.ThrowableCollector.execute(ThrowableCollector.java:73)
	at org.junit.platform.engine.support.hierarchical.NodeTestTask.executeRecursively(NodeTestTask.java:138)
	at org.junit.platform.engine.support.hierarchical.NodeTestTask.execute(NodeTestTask.java:95)
	at java.base/java.util.ArrayList.forEach(ArrayList.java:1596)
	at org.junit.platform.engine.support.hierarchical.SameThreadHierarchicalTestExecutorService.invokeAll(SameThreadHierarchicalTestExecutorService.java:41)
	at org.junit.platform.engine.support.hierarchical.NodeTestTask.lambda$executeRecursively$6(NodeTestTask.java:155)
	at org.junit.platform.engine.support.hierarchical.ThrowableCollector.execute(ThrowableCollector.java:73)
	at org.junit.platform.engine.support.hierarchical.NodeTestTask.lambda$executeRecursively$8(NodeTestTask.java:141)
	at org.junit.platform.engine.support.hierarchical.Node.around(Node.java:137)
	at org.junit.platform.engine.support.hierarchical.NodeTestTask.lambda$executeRecursively$9(NodeTestTask.java:139)
	at org.junit.platform.engine.support.hierarchical.ThrowableCollector.execute(ThrowableCollector.java:73)
	at org.junit.platform.engine.support.hierarchical.NodeTestTask.executeRecursively(NodeTestTask.java:138)
	at org.junit.platform.engine.support.hierarchical.NodeTestTask.execute(NodeTestTask.java:95)
	at java.base/java.util.ArrayList.forEach(ArrayList.java:1596)
	at org.junit.platform.engine.support.hierarchical.SameThreadHierarchicalTestExecutorService.invokeAll(SameThreadHierarchicalTestExecutorService.java:41)
	at org.junit.platform.engine.support.hierarchical.NodeTestTask.lambda$executeRecursively$6(NodeTestTask.java:155)
	at org.junit.platform.engine.support.hierarchical.ThrowableCollector.execute(ThrowableCollector.java:73)
	at org.junit.platform.engine.support.hierarchical.NodeTestTask.lambda$executeRecursively$8(NodeTestTask.java:141)
	at org.junit.platform.engine.support.hierarchical.Node.around(Node.java:137)
	at org.junit.platform.engine.support.hierarchical.NodeTestTask.lambda$executeRecursively$9(NodeTestTask.java:139)
	at org.junit.platform.engine.support.hierarchical.ThrowableCollector.execute(ThrowableCollector.java:73)
	at org.junit.platform.engine.support.hierarchical.NodeTestTask.executeRecursively(NodeTestTask.java:138)
	at org.junit.platform.engine.support.hierarchical.NodeTestTask.execute(NodeTestTask.java:95)
	at org.junit.platform.engine.support.hierarchical.SameThreadHierarchicalTestExecutorService.submit(SameThreadHierarchicalTestExecutorService.java:35)
	at org.junit.platform.engine.support.hierarchical.HierarchicalTestExecutor.execute(HierarchicalTestExecutor.java:57)
	at org.junit.platform.engine.support.hierarchical.HierarchicalTestEngine.execute(HierarchicalTestEngine.java:54)
	at org.junit.platform.launcher.core.EngineExecutionOrchestrator.execute(EngineExecutionOrchestrator.java:107)
	at org.junit.platform.launcher.core.EngineExecutionOrchestrator.execute(EngineExecutionOrchestrator.java:88)
	at org.junit.platform.launcher.core.EngineExecutionOrchestrator.lambda$execute$0(EngineExecutionOrchestrator.java:54)
	at org.junit.platform.launcher.core.EngineExecutionOrchestrator.withInterceptedStreams(EngineExecutionOrchestrator.java:67)
	at org.junit.platform.launcher.core.EngineExecutionOrchestrator.execute(EngineExecutionOrchestrator.java:52)
	at org.junit.platform.launcher.core.DefaultLauncher.execute(DefaultLauncher.java:114)
	at org.junit.platform.launcher.core.DefaultLauncher.execute(DefaultLauncher.java:86)
	at org.junit.platform.launcher.core.DefaultLauncherSession$DelegatingLauncher.execute(DefaultLauncherSession.java:86)
	at org.junit.platform.launcher.core.SessionPerRequestLauncher.execute(SessionPerRequestLauncher.java:53)
	at org.apache.maven.surefire.junitplatform.JUnitPlatformProvider.execute(JUnitPlatformProvider.java:188)
	at org.apache.maven.surefire.junitplatform.JUnitPlatformProvider.invokeAllTests(JUnitPlatformProvider.java:154)
	at org.apache.maven.surefire.junitplatform.JUnitPlatformProvider.invoke(JUnitPlatformProvider.java:128)
	at org.apache.maven.surefire.booter.ForkedBooter.runSuitesInProcess(ForkedBooter.java:428)
	at org.apache.maven.surefire.booter.ForkedBooter.execute(ForkedBooter.java:162)
	at org.apache.maven.surefire.booter.ForkedBooter.run(ForkedBooter.java:562)
	at org.apache.maven.surefire.booter.ForkedBooter.main(ForkedBooter.java:548)
]]></system-err>
  </testcase>
  <testcase name="getResource" classname="library.modelsTest.BorrowingTransactionTest" time="0.043">
    <system-out><![CDATA[<<<<<<<<<<<<<<<<<<<<<<<<<<<<<<<
true
]]></system-out>
  </testcase>
  <testcase name="getUserBorrowBook" classname="library.modelsTest.BorrowingTransactionTest" time="0.053">
    <system-out><![CDATA[<<<<<<<<<<<<<<<<<<<<<<<<<<<<<<<
true
]]></system-out>
  </testcase>
</testsuite>